<?xml version="1.0" encoding="UTF-8"?>
<!-- Generated by org.testng.reporters.JUnitReportReporter -->
<testsuite skipped="0" hostname="DESKTOP-GMH0VHR" name="com.amazon.Testcases.VerifyAmazonLogin2" tests="1" failures="0" timestamp="12 Feb 2019 19:12:44 GMT" time="29.453" errors="0">
  <testcase name="verifyValidLogin" time="29.453" classname="com.amazon.Testcases.VerifyAmazonLogin2"/>
</testsuite> <!-- com.amazon.Testcases.VerifyAmazonLogin2 -->
